<?xml version="1.0" encoding="UTF-8"?>
<coverage generated="1655758958735" clover="3.2.0">
  <project timestamp="1655758958735" name="All files">
    <metrics statements="33" coveredstatements="33" conditionals="3" coveredconditionals="3" methods="8" coveredmethods="8" elements="44" coveredelements="44" complexity="0" loc="33" ncloc="33" packages="3" files="5" classes="5"/>
    <package name="controllers.signup">
      <metrics statements="20" coveredstatements="20" conditionals="3" coveredconditionals="3" methods="2" coveredmethods="2"/>
      <file name="signup.ts" path="C:\Users\MUNHOZ\OneDrive\Área de Trabalho\all-projects\clean-node\src\presentation\controllers\signup\signup.ts">
        <metrics statements="20" coveredstatements="20" conditionals="3" coveredconditionals="3" methods="2" coveredmethods="2"/>
        <line num="1" count="1" type="stmt"/>
        <line num="2" count="1" type="stmt"/>
        <line num="11" count="1" type="stmt"/>
        <line num="16" count="11" type="stmt"/>
        <line num="17" count="11" type="stmt"/>
        <line num="21" count="11" type="stmt"/>
        <line num="22" count="11" type="stmt"/>
        <line num="23" count="11" type="stmt"/>
        <line num="24" count="38" type="cond" truecount="1" falsecount="0"/>
        <line num="25" count="4" type="stmt"/>
        <line num="29" count="7" type="stmt"/>
        <line num="30" count="7" type="cond" truecount="1" falsecount="0"/>
        <line num="31" count="1" type="stmt"/>
        <line num="33" count="6" type="stmt"/>
        <line num="34" count="5" type="cond" truecount="1" falsecount="0"/>
        <line num="35" count="1" type="stmt"/>
        <line num="38" count="4" type="stmt"/>
        <line num="44" count="3" type="stmt"/>
        <line num="46" count="2" type="stmt"/>
        <line num="47" count="2" type="stmt"/>
      </file>
    </package>
    <package name="errors">
      <metrics statements="9" coveredstatements="9" conditionals="0" coveredconditionals="0" methods="3" coveredmethods="3"/>
      <file name="invalid-param-error.ts" path="C:\Users\MUNHOZ\OneDrive\Área de Trabalho\all-projects\clean-node\src\presentation\errors\invalid-param-error.ts">
        <metrics statements="3" coveredstatements="3" conditionals="0" coveredconditionals="0" methods="1" coveredmethods="1"/>
        <line num="1" count="1" type="stmt"/>
        <line num="3" count="4" type="stmt"/>
        <line num="4" count="4" type="stmt"/>
      </file>
      <file name="missing-param-error.ts" path="C:\Users\MUNHOZ\OneDrive\Área de Trabalho\all-projects\clean-node\src\presentation\errors\missing-param-error.ts">
        <metrics statements="3" coveredstatements="3" conditionals="0" coveredconditionals="0" methods="1" coveredmethods="1"/>
        <line num="1" count="1" type="stmt"/>
        <line num="3" count="8" type="stmt"/>
        <line num="4" count="8" type="stmt"/>
      </file>
      <file name="server-error.ts" path="C:\Users\MUNHOZ\OneDrive\Área de Trabalho\all-projects\clean-node\src\presentation\errors\server-error.ts">
        <metrics statements="3" coveredstatements="3" conditionals="0" coveredconditionals="0" methods="1" coveredmethods="1"/>
        <line num="1" count="1" type="stmt"/>
        <line num="3" count="4" type="stmt"/>
        <line num="4" count="4" type="stmt"/>
      </file>
    </package>
    <package name="helpers">
      <metrics statements="4" coveredstatements="4" conditionals="0" coveredconditionals="0" methods="3" coveredmethods="3"/>
      <file name="http-helper.ts" path="C:\Users\MUNHOZ\OneDrive\Área de Trabalho\all-projects\clean-node\src\presentation\helpers\http-helper.ts">
        <metrics statements="4" coveredstatements="4" conditionals="0" coveredconditionals="0" methods="3" coveredmethods="3"/>
        <line num="1" count="1" type="stmt"/>
        <line num="4" count="6" type="stmt"/>
        <line num="9" count="2" type="stmt"/>
        <line num="14" count="3" type="stmt"/>
      </file>
    </package>
  </project>
</coverage>
